Using pre-set license
Built from '2021.3/staging' branch; Version is '2021.3.0f1 (6eacc8284459) revision 7253192'; Using compiler version '192829333'; Build Type 'Release'
OS: 'Windows 10  (10.0.19044) 64bit Professional' Language: 'es' Physical Memory: 65416 MB
BatchMode: 1, IsHumanControllingUs: 0, StartBugReporterOnCrash: 0, Is64bit: 1, IsPro: 1

COMMAND LINE ARGUMENTS:
C:\Program Files\Unity\Hub\Editor\2021.3.0f1\Editor\Unity.exe
-adb2
-batchMode
-noUpm
-name
AssetImportWorker0
-projectPath
D:/UnityProjects/Medusa/ARJohnson
-logFile
Logs/AssetImportWorker0.log
-srvPort
62540
Successfully changed project path to: D:/UnityProjects/Medusa/ARJohnson
D:/UnityProjects/Medusa/ARJohnson
[UnityMemory] Configuration Parameters - Can be set up in boot.config
    "memorysetup-bucket-allocator-granularity=16"
    "memorysetup-bucket-allocator-bucket-count=8"
    "memorysetup-bucket-allocator-block-size=33554432"
    "memorysetup-bucket-allocator-block-count=8"
    "memorysetup-main-allocator-block-size=16777216"
    "memorysetup-thread-allocator-block-size=16777216"
    "memorysetup-gfx-main-allocator-block-size=16777216"
    "memorysetup-gfx-thread-allocator-block-size=16777216"
    "memorysetup-cache-allocator-block-size=4194304"
    "memorysetup-typetree-allocator-block-size=2097152"
    "memorysetup-profiler-bucket-allocator-granularity=16"
    "memorysetup-profiler-bucket-allocator-bucket-count=8"
    "memorysetup-profiler-bucket-allocator-block-size=33554432"
    "memorysetup-profiler-bucket-allocator-block-count=8"
    "memorysetup-profiler-allocator-block-size=16777216"
    "memorysetup-profiler-editor-allocator-block-size=1048576"
    "memorysetup-temp-allocator-size-main=16777216"
    "memorysetup-job-temp-allocator-block-size=2097152"
    "memorysetup-job-temp-allocator-block-size-background=1048576"
    "memorysetup-job-temp-allocator-reduction-small-platforms=262144"
    "memorysetup-temp-allocator-size-background-worker=32768"
    "memorysetup-temp-allocator-size-job-worker=262144"
    "memorysetup-temp-allocator-size-preload-manager=33554432"
    "memorysetup-temp-allocator-size-nav-mesh-worker=65536"
    "memorysetup-temp-allocator-size-audio-worker=65536"
    "memorysetup-temp-allocator-size-cloud-worker=32768"
    "memorysetup-temp-allocator-size-gi-baking-worker=262144"
    "memorysetup-temp-allocator-size-gfx=262144"
Refreshing native plugins compatible for Editor in 61.23 ms, found 3 plugins.
Preloading 0 native plugins for Editor in 0.00 ms.
Initialize engine version: 2021.3.0f1 (6eacc8284459)
[Subsystems] Discovering subsystems at path C:/Program Files/Unity/Hub/Editor/2021.3.0f1/Editor/Data/Resources/UnitySubsystems
[Subsystems] Discovering subsystems at path D:/UnityProjects/Medusa/ARJohnson/Assets
GfxDevice: creating device client; threaded=0; jobified=0
Direct3D:
    Version:  Direct3D 11.0 [level 11.1]
    Renderer: NVIDIA GeForce RTX 3080 (ID=0x2216)
    Vendor:   NVIDIA
    VRAM:     10078 MB
    Driver:   30.0.15.1165
Initialize mono
Mono path[0] = 'C:/Program Files/Unity/Hub/Editor/2021.3.0f1/Editor/Data/Managed'
Mono path[1] = 'C:/Program Files/Unity/Hub/Editor/2021.3.0f1/Editor/Data/MonoBleedingEdge/lib/mono/unityjit-win32'
Mono config path = 'C:/Program Files/Unity/Hub/Editor/2021.3.0f1/Editor/Data/MonoBleedingEdge/etc'
Using monoOptions --debugger-agent=transport=dt_socket,embedding=1,server=y,suspend=n,address=127.0.0.1:56136
Begin MonoManager ReloadAssembly
Registering precompiled unity dll's ...
Register platform support module: C:/Program Files/Unity/Hub/Editor/2021.3.0f1/Editor/Data/PlaybackEngines/AndroidPlayer/UnityEditor.Android.Extensions.dll
Register platform support module: C:/Program Files/Unity/Hub/Editor/2021.3.0f1/Editor/Data/PlaybackEngines/WindowsStandaloneSupport/UnityEditor.WindowsStandalone.Extensions.dll
Registered in 0.004937 seconds.
Native extension for WindowsStandalone target not found
Native extension for Android target not found
Refreshing native plugins compatible for Editor in 62.78 ms, found 3 plugins.
Preloading 0 native plugins for Editor in 0.00 ms.
Mono: successfully reloaded assembly
- Completed reload, in  0.457 seconds
Domain Reload Profiling:
	ReloadAssembly (457ms)
		BeginReloadAssembly (53ms)
			ExecutionOrderSort (0ms)
			DisableScriptedObjects (0ms)
			BackupInstance (0ms)
			ReleaseScriptingObjects (0ms)
			CreateAndSetChildDomain (1ms)
		EndReloadAssembly (328ms)
			LoadAssemblies (52ms)
			RebuildTransferFunctionScriptingTraits (0ms)
			SetupTypeCache (68ms)
			ReleaseScriptCaches (0ms)
			RebuildScriptCaches (19ms)
			SetupLoadedEditorAssemblies (207ms)
				LogAssemblyErrors (0ms)
				InitializePlatformSupportModulesInManaged (40ms)
				SetLoadedEditorAssemblies (0ms)
				RefreshPlugins (63ms)
				BeforeProcessingInitializeOnLoad (1ms)
				ProcessInitializeOnLoadAttributes (73ms)
				ProcessInitializeOnLoadMethodAttributes (29ms)
				AfterProcessingInitializeOnLoad (0ms)
				EditorAssembliesLoaded (0ms)
			ExecutionOrderSort2 (0ms)
			AwakeInstancesAfterBackupRestoration (0ms)
Platform modules already initialized, skipping
Registering precompiled user dll's ...
Registered in 0.002063 seconds.
Begin MonoManager ReloadAssembly
Symbol file LoadedFromMemory doesn't match image D:\UnityProjects\Medusa\ARJohnson\Library\PackageCache\com.unity.visualscripting@1.7.6\Editor\VisualScripting.Core\Dependencies\YamlDotNet\Unity.VisualScripting.YamlDotNet.dll
Symbol file LoadedFromMemory is not a mono symbol file
Symbol file LoadedFromMemory doesn't match image D:\UnityProjects\Medusa\ARJohnson\Library\PackageCache\com.unity.visualscripting@1.7.6\Editor\VisualScripting.Core\Dependencies\DotNetZip\Unity.VisualScripting.IonicZip.dll
Native extension for WindowsStandalone target not found
Native extension for Android target not found
Refreshing native plugins compatible for Editor in 0.50 ms, found 3 plugins.
Preloading 0 native plugins for Editor in 0.00 ms.
Package Manager log level set to [2]
Mono: successfully reloaded assembly
- Completed reload, in  0.832 seconds
Domain Reload Profiling:
	ReloadAssembly (833ms)
		BeginReloadAssembly (186ms)
			ExecutionOrderSort (0ms)
			DisableScriptedObjects (5ms)
			BackupInstance (0ms)
			ReleaseScriptingObjects (0ms)
			CreateAndSetChildDomain (121ms)
		EndReloadAssembly (571ms)
			LoadAssemblies (64ms)
			RebuildTransferFunctionScriptingTraits (0ms)
			SetupTypeCache (176ms)
			ReleaseScriptCaches (1ms)
			RebuildScriptCaches (39ms)
			SetupLoadedEditorAssemblies (264ms)
				LogAssemblyErrors (0ms)
				InitializePlatformSupportModulesInManaged (10ms)
				SetLoadedEditorAssemblies (0ms)
				RefreshPlugins (1ms)
				BeforeProcessingInitializeOnLoad (69ms)
				ProcessInitializeOnLoadAttributes (164ms)
				ProcessInitializeOnLoadMethodAttributes (16ms)
				AfterProcessingInitializeOnLoad (5ms)
				EditorAssembliesLoaded (0ms)
			ExecutionOrderSort2 (0ms)
			AwakeInstancesAfterBackupRestoration (4ms)
Platform modules already initialized, skipping
========================================================================
Worker process is ready to serve import requests
Launched and connected shader compiler UnityShaderCompiler.exe after 0.04 seconds
Refreshing native plugins compatible for Editor in 0.59 ms, found 3 plugins.
Preloading 0 native plugins for Editor in 0.00 ms.
Unloading 3589 Unused Serialized files (Serialized files now loaded: 0)
Unloading 25 unused Assets / (128.8 KB). Loaded Objects now: 4051.
Memory consumption went from 123.2 MB to 123.0 MB.
Total: 2.607900 ms (FindLiveObjects: 0.247300 ms CreateObjectMapping: 0.096100 ms MarkObjects: 2.189500 ms  DeleteObjects: 0.074300 ms)

AssetImportParameters requested are different than current active one (requested -> active):
  custom:video-decoder-ogg-theora: a1e56fd34408186e4bbccfd4996cb3dc -> 
  custom:container-muxer-webm: aa71ff27fc2769a1b78a27578f13a17b -> 
  custom:container-demuxer-webm: 4f35f7cbe854078d1ac9338744f61a02 -> 
  custom:video-encoder-webm-vp8: eb34c28f22e8b96e1ab97ce403110664 -> 
  custom:audio-encoder-webm-vorbis: bf7c407c2cedff20999df2af8eb42d56 -> 
  custom:framework-win-MediaFoundation: 216162199b28c13a410421893ffa2e32 -> 
  custom:container-demuxer-ogg: 62fdf1f143b41e24485cea50d1cbac27 -> 
  custom:video-decoder-webm-vp8: 9c59270c3fd7afecdb556c50c9e8de78 -> 
  custom:audio-decoder-ogg-vorbis: bf7c407c2cedff20999df2af8eb42d56 -> 
========================================================================
Received Import Request.
  Time since last request: 6481.113722 seconds.
  path: Assets/XR/Prefabs/AR Default Plane.prefab
  artifactKey: Guid(eb948f20c11a7fd429c84de722cc4ea3) Importer(815301076,1909f56bfc062723c751e8b465ee728b)
Start importing Assets/XR/Prefabs/AR Default Plane.prefab using Guid(eb948f20c11a7fd429c84de722cc4ea3) Importer(815301076,1909f56bfc062723c751e8b465ee728b)  -> (artifact id: '8946ae5f77eb29e566f41d2f713391a8') in 0.082900 seconds 
========================================================================
Received Import Request.
  Time since last request: 153.508165 seconds.
  path: Assets/XR/Prefabs/Capsule.prefab
  artifactKey: Guid(0f389997fa900d94fba2d23e8b19f05a) Importer(815301076,1909f56bfc062723c751e8b465ee728b)
Start importing Assets/XR/Prefabs/Capsule.prefab using Guid(0f389997fa900d94fba2d23e8b19f05a) Importer(815301076,1909f56bfc062723c751e8b465ee728b)  -> (artifact id: 'a3f6e19d5d1f606b49f6e0ac35b75fae') in 0.120563 seconds 
========================================================================
Received Import Request.
  Time since last request: 252.030787 seconds.
  path: Packages/com.unity.xr.arfoundation/Tests/CodeSamples
  artifactKey: Guid(7afd37637f21445a1a331c3f272ffc4a) Importer(815301076,1909f56bfc062723c751e8b465ee728b)
Start importing Packages/com.unity.xr.arfoundation/Tests/CodeSamples using Guid(7afd37637f21445a1a331c3f272ffc4a) Importer(815301076,1909f56bfc062723c751e8b465ee728b)  -> (artifact id: '667397f4ee7754f8b3f5c224222cf992') in 0.004160 seconds 
========================================================================
Received Import Request.
  Time since last request: 2.073967 seconds.
  path: Packages/com.unity.xr.arfoundation/Tests/CodeSamples/RaycastSamples.cs
  artifactKey: Guid(ea8e2a403d0d94ebcbe7d79d120beb28) Importer(815301076,1909f56bfc062723c751e8b465ee728b)
Start importing Packages/com.unity.xr.arfoundation/Tests/CodeSamples/RaycastSamples.cs using Guid(ea8e2a403d0d94ebcbe7d79d120beb28) Importer(815301076,1909f56bfc062723c751e8b465ee728b)  -> (artifact id: '0ae8c0769ccc2c8f190aedc3398a7aec') in 0.029350 seconds 
========================================================================
Received Import Request.
  Time since last request: 9.698395 seconds.
  path: Packages/com.unity.xr.arfoundation/Tests/CodeSamples/TrackedImageSamples.cs
  artifactKey: Guid(20f4bc8723a1d448bb1f33533dc9484c) Importer(815301076,1909f56bfc062723c751e8b465ee728b)
Start importing Packages/com.unity.xr.arfoundation/Tests/CodeSamples/TrackedImageSamples.cs using Guid(20f4bc8723a1d448bb1f33533dc9484c) Importer(815301076,1909f56bfc062723c751e8b465ee728b)  -> (artifact id: 'de33c618e562b25a1997590c60838a05') in 0.004141 seconds 
========================================================================
Received Prepare
Registering precompiled user dll's ...
Registered in 0.003939 seconds.
Begin MonoManager ReloadAssembly
Symbol file LoadedFromMemory doesn't match image D:\UnityProjects\Medusa\ARJohnson\Library\PackageCache\com.unity.visualscripting@1.7.6\Editor\VisualScripting.Core\Dependencies\YamlDotNet\Unity.VisualScripting.YamlDotNet.dll
Symbol file LoadedFromMemory is not a mono symbol file
Symbol file LoadedFromMemory doesn't match image D:\UnityProjects\Medusa\ARJohnson\Library\PackageCache\com.unity.visualscripting@1.7.6\Editor\VisualScripting.Core\Dependencies\DotNetZip\Unity.VisualScripting.IonicZip.dll
Native extension for WindowsStandalone target not found
Native extension for Android target not found
Refreshing native plugins compatible for Editor in 61.49 ms, found 3 plugins.
Preloading 0 native plugins for Editor in 0.00 ms.
Mono: successfully reloaded assembly
- Completed reload, in  0.769 seconds
Domain Reload Profiling:
	ReloadAssembly (769ms)
		BeginReloadAssembly (100ms)
			ExecutionOrderSort (0ms)
			DisableScriptedObjects (3ms)
			BackupInstance (0ms)
			ReleaseScriptingObjects (0ms)
			CreateAndSetChildDomain (29ms)
		EndReloadAssembly (602ms)
			LoadAssemblies (61ms)
			RebuildTransferFunctionScriptingTraits (0ms)
			SetupTypeCache (168ms)
			ReleaseScriptCaches (1ms)
			RebuildScriptCaches (26ms)
			SetupLoadedEditorAssemblies (317ms)
				LogAssemblyErrors (0ms)
				InitializePlatformSupportModulesInManaged (15ms)
				SetLoadedEditorAssemblies (0ms)
				RefreshPlugins (62ms)
				BeforeProcessingInitializeOnLoad (58ms)
				ProcessInitializeOnLoadAttributes (162ms)
				ProcessInitializeOnLoadMethodAttributes (14ms)
				AfterProcessingInitializeOnLoad (5ms)
				EditorAssembliesLoaded (0ms)
			ExecutionOrderSort2 (0ms)
			AwakeInstancesAfterBackupRestoration (4ms)
Platform modules already initialized, skipping
Refreshing native plugins compatible for Editor in 1.18 ms, found 3 plugins.
Preloading 0 native plugins for Editor in 0.00 ms.
Unloading 3674 Unused Serialized files (Serialized files now loaded: 0)
Unloading 22 unused Assets / (151.9 KB). Loaded Objects now: 4154.
Memory consumption went from 130.1 MB to 130.0 MB.
Total: 2.456000 ms (FindLiveObjects: 0.224000 ms CreateObjectMapping: 0.086800 ms MarkObjects: 2.071500 ms  DeleteObjects: 0.072600 ms)

AssetImportParameters requested are different than current active one (requested -> active):
  custom:video-decoder-ogg-theora: a1e56fd34408186e4bbccfd4996cb3dc -> 
  custom:container-muxer-webm: aa71ff27fc2769a1b78a27578f13a17b -> 
  custom:container-demuxer-webm: 4f35f7cbe854078d1ac9338744f61a02 -> 
  custom:video-encoder-webm-vp8: eb34c28f22e8b96e1ab97ce403110664 -> 
  custom:audio-encoder-webm-vorbis: bf7c407c2cedff20999df2af8eb42d56 -> 
  custom:framework-win-MediaFoundation: 216162199b28c13a410421893ffa2e32 -> 
  custom:container-demuxer-ogg: 62fdf1f143b41e24485cea50d1cbac27 -> 
  custom:video-decoder-webm-vp8: 9c59270c3fd7afecdb556c50c9e8de78 -> 
  custom:audio-decoder-ogg-vorbis: bf7c407c2cedff20999df2af8eb42d56 -> 
========================================================================
Received Import Request.
  Time since last request: 636.533618 seconds.
  path: Assets/XR/Prefabs/ReferenceImageLibrary.asset
  artifactKey: Guid(cf54390dd4c18aa46a7f627ec99b31b6) Importer(815301076,1909f56bfc062723c751e8b465ee728b)
Start importing Assets/XR/Prefabs/ReferenceImageLibrary.asset using Guid(cf54390dd4c18aa46a7f627ec99b31b6) Importer(815301076,1909f56bfc062723c751e8b465ee728b)  -> (artifact id: '06e0e4c877d01cb37f42952ac8d10130') in 0.027977 seconds 
========================================================================
Received Import Request.
  Time since last request: 13.693092 seconds.
  path: Assets/XR/Prefabs/ReferenceObjectLibrary.asset
  artifactKey: Guid(9f8b79d5873697348ad5bd4bf22dd52c) Importer(815301076,1909f56bfc062723c751e8b465ee728b)
Start importing Assets/XR/Prefabs/ReferenceObjectLibrary.asset using Guid(9f8b79d5873697348ad5bd4bf22dd52c) Importer(815301076,1909f56bfc062723c751e8b465ee728b)  -> (artifact id: '72bbdb1a86e6915392874947b0396551') in 0.005664 seconds 
========================================================================
Received Import Request.
  Time since last request: 29.402322 seconds.
  path: Assets/XR/Prefabs/ReferenceObjectLibrary.asset
  artifactKey: Guid(9f8b79d5873697348ad5bd4bf22dd52c) Importer(815301076,1909f56bfc062723c751e8b465ee728b)
Start importing Assets/XR/Prefabs/ReferenceObjectLibrary.asset using Guid(9f8b79d5873697348ad5bd4bf22dd52c) Importer(815301076,1909f56bfc062723c751e8b465ee728b)  -> (artifact id: '9da42fcda0bbc6e6d2483994aadc4997') in 0.001457 seconds 
========================================================================
Received Import Request.
  Time since last request: 1572.171867 seconds.
  path: Assets
  artifactKey: Guid(00000000000000001000000000000000) Importer(815301076,1909f56bfc062723c751e8b465ee728b)
Start importing Assets using Guid(00000000000000001000000000000000) Importer(815301076,1909f56bfc062723c751e8b465ee728b)  -> (artifact id: '79842766b460edbeab6a34051e857a80') in 0.004786 seconds 
========================================================================
Received Import Request.
  Time since last request: 5.191434 seconds.
  path: Assets/Imagenes
  artifactKey: Guid(8a3832abce978fb4c8a0de35928dd38b) Importer(815301076,1909f56bfc062723c751e8b465ee728b)
Start importing Assets/Imagenes using Guid(8a3832abce978fb4c8a0de35928dd38b) Importer(815301076,1909f56bfc062723c751e8b465ee728b)  -> (artifact id: '1afbcc53ddb6ea9ead0a13e008f17d94') in 0.003850 seconds 
========================================================================
Received Import Request.
  Time since last request: 10.208526 seconds.
  path: Assets/Scenes
  artifactKey: Guid(6ea315d0fd7389c41b19996891e99ae3) Importer(815301076,1909f56bfc062723c751e8b465ee728b)
Start importing Assets/Scenes using Guid(6ea315d0fd7389c41b19996891e99ae3) Importer(815301076,1909f56bfc062723c751e8b465ee728b)  -> (artifact id: 'b8193726cff86800c54781cdc6d54904') in 0.004230 seconds 
========================================================================
Received Import Request.
  Time since last request: 5.034103 seconds.
  path: Assets/XR/Settings
  artifactKey: Guid(450fd6f7e054dec4f882b182975f1fc0) Importer(815301076,1909f56bfc062723c751e8b465ee728b)
Start importing Assets/XR/Settings using Guid(450fd6f7e054dec4f882b182975f1fc0) Importer(815301076,1909f56bfc062723c751e8b465ee728b)  -> (artifact id: 'd64df7c3688c1838ec3e99099d469ff1') in 0.003989 seconds 
========================================================================
Received Import Request.
  Time since last request: 1.022246 seconds.
  path: Assets/XR/Settings/AR Kit Settings.asset
  artifactKey: Guid(492d332a95f65e6469f7afa2dd08534a) Importer(815301076,1909f56bfc062723c751e8b465ee728b)
Start importing Assets/XR/Settings/AR Kit Settings.asset using Guid(492d332a95f65e6469f7afa2dd08534a) Importer(815301076,1909f56bfc062723c751e8b465ee728b)  -> (artifact id: '30343361042d8ae655ab0e235e720180') in 0.005198 seconds 
========================================================================
Received Import Request.
  Time since last request: 16.318722 seconds.
  path: Assets/Imagenes/RaidCasaYJardin.png
  artifactKey: Guid(6f1215b1d673b004e98083b00fe91269) Importer(815301076,1909f56bfc062723c751e8b465ee728b)
Start importing Assets/Imagenes/RaidCasaYJardin.png using Guid(6f1215b1d673b004e98083b00fe91269) Importer(815301076,1909f56bfc062723c751e8b465ee728b)  -> (artifact id: 'b7fcbd51ccf0b8d6cbc071ee4504891b') in 0.053863 seconds 
========================================================================
Received Import Request.
  Time since last request: 8.117729 seconds.
  path: Assets/Prefabs/ReferenceImageLibrary.asset
  artifactKey: Guid(cf54390dd4c18aa46a7f627ec99b31b6) Importer(815301076,1909f56bfc062723c751e8b465ee728b)
Start importing Assets/Prefabs/ReferenceImageLibrary.asset using Guid(cf54390dd4c18aa46a7f627ec99b31b6) Importer(815301076,1909f56bfc062723c751e8b465ee728b)  -> (artifact id: '30adf8419ab9906c4aa4ecae6788f52a') in 0.002977 seconds 
========================================================================
Received Import Request.
  Time since last request: 226.946402 seconds.
  path: Assets/Prefabs/ReferenceObjectLibrary.asset
  artifactKey: Guid(9f8b79d5873697348ad5bd4bf22dd52c) Importer(815301076,1909f56bfc062723c751e8b465ee728b)
Start importing Assets/Prefabs/ReferenceObjectLibrary.asset using Guid(9f8b79d5873697348ad5bd4bf22dd52c) Importer(815301076,1909f56bfc062723c751e8b465ee728b)  -> (artifact id: '5640a17f9847e6b012528846434d3467') in 0.002228 seconds 
========================================================================
Received Import Request.
  Time since last request: 6.580533 seconds.
  path: Assets/Prefabs/ReferenceImageLibrary.asset
  artifactKey: Guid(cf54390dd4c18aa46a7f627ec99b31b6) Importer(815301076,1909f56bfc062723c751e8b465ee728b)
Start importing Assets/Prefabs/ReferenceImageLibrary.asset using Guid(cf54390dd4c18aa46a7f627ec99b31b6) Importer(815301076,1909f56bfc062723c751e8b465ee728b)  -> (artifact id: '0de8faab993e20ec3b6fd6ade4fae3fe') in 0.004503 seconds 
========================================================================
Received Prepare
Refreshing native plugins compatible for Editor in 2.56 ms, found 3 plugins.
Preloading 0 native plugins for Editor in 0.00 ms.
Unloading 20 Unused Serialized files (Serialized files now loaded: 0)
Unloading 20 unused Assets / (124.1 KB). Loaded Objects now: 4156.
Memory consumption went from 56.8 MB to 56.7 MB.
Total: 3.554700 ms (FindLiveObjects: 0.410500 ms CreateObjectMapping: 0.104100 ms MarkObjects: 2.958600 ms  DeleteObjects: 0.080800 ms)

AssetImportParameters requested are different than current active one (requested -> active):
  custom:video-decoder-ogg-theora: a1e56fd34408186e4bbccfd4996cb3dc -> 
  custom:container-muxer-webm: aa71ff27fc2769a1b78a27578f13a17b -> 
  custom:container-demuxer-webm: 4f35f7cbe854078d1ac9338744f61a02 -> 
  custom:video-encoder-webm-vp8: eb34c28f22e8b96e1ab97ce403110664 -> 
  custom:audio-encoder-webm-vorbis: bf7c407c2cedff20999df2af8eb42d56 -> 
  custom:framework-win-MediaFoundation: 216162199b28c13a410421893ffa2e32 -> 
  custom:container-demuxer-ogg: 62fdf1f143b41e24485cea50d1cbac27 -> 
  custom:video-decoder-webm-vp8: 9c59270c3fd7afecdb556c50c9e8de78 -> 
  custom:audio-decoder-ogg-vorbis: bf7c407c2cedff20999df2af8eb42d56 -> 
